# JRE version: OpenJDK Runtime Environment Temurin-17.0.1+12 (17.0.1+12) (build 17.0.1+12)
# Java VM: OpenJDK 64-Bit Server VM Temurin-17.0.1+12 (17.0.1+12, mixed mode, tiered, compressed oops, compressed class ptrs, g1 gc, windows-amd64)
GC Precious Log:
 CPUs: 4 total, 4 available
 Memory: 6048M
 Large Page Support: Disabled
 NUMA Support: Disabled
 Compressed Oops: Enabled (32-bit)
 Heap Region Size: 1M
 Heap Min Capacity: 8M
 Heap Initial Capacity: 96M
 Heap Max Capacity: 1514M
 Pre-touch: Disabled
 Parallel Workers: 4
 Concurrent Workers: 1
 Concurrent Refinement Workers: 4
 Periodic GC: Disabled
Heap:
 garbage-first heap   total 57344K, used 38889K [0x00000000a1600000, 0x0000000100000000)
  region size 1024K, 25 young (25600K), 3 survivors (3072K)
 Metaspace       used 31112K, committed 31680K, reserved 1081344K
  class space    used 3399K, committed 3648K, reserved 1048576K
GC Heap History (15 events):
Event: 4.276 GC heap before
{Heap before GC invocations=0 (full 0):
 garbage-first heap   total 98304K, used 13312K [0x00000000a1600000, 0x0000000100000000)
  region size 1024K, 13 young (13312K), 0 survivors (0K)
 Metaspace       used 12413K, committed 12608K, reserved 1064960K
  class space    used 1181K, committed 1280K, reserved 1048576K
}
Event: 4.284 GC heap after
{Heap after GC invocations=1 (full 0):
 garbage-first heap   total 98304K, used 4074K [0x00000000a1600000, 0x0000000100000000)
  region size 1024K, 2 young (2048K), 2 survivors (2048K)
 Metaspace       used 12413K, committed 12608K, reserved 1064960K
  class space    used 1181K, committed 1280K, reserved 1048576K
}
Event: 5.178 GC heap before
{Heap before GC invocations=1 (full 0):
 garbage-first heap   total 98304K, used 15338K [0x00000000a1600000, 0x0000000100000000)
  region size 1024K, 13 young (13312K), 2 survivors (2048K)
 Metaspace       used 15701K, committed 15872K, reserved 1064960K
  class space    used 1569K, committed 1664K, reserved 1048576K
}
Event: 5.197 GC heap after
{Heap after GC invocations=2 (full 0):
 garbage-first heap   total 98304K, used 5147K [0x00000000a1600000, 0x0000000100000000)
  region size 1024K, 2 young (2048K), 2 survivors (2048K)
 Metaspace       used 15701K, committed 15872K, reserved 1064960K
  class space    used 1569K, committed 1664K, reserved 1048576K
}
Event: 6.301 GC heap before
{Heap before GC invocations=2 (full 0):
 garbage-first heap   total 98304K, used 33819K [0x00000000a1600000, 0x0000000100000000)
  region size 1024K, 30 young (30720K), 2 survivors (2048K)
 Metaspace       used 20323K, committed 20608K, reserved 1073152K
  class space    used 2018K, committed 2176K, reserved 1048576K
}
Event: 6.317 GC heap after
{Heap after GC invocations=3 (full 0):
 garbage-first heap   total 98304K, used 9142K [0x00000000a1600000, 0x0000000100000000)
  region size 1024K, 4 young (4096K), 4 survivors (4096K)
 Metaspace       used 20323K, committed 20608K, reserved 1073152K
  class space    used 2018K, committed 2176K, reserved 1048576K
}
Event: 6.643 GC heap before
{Heap before GC invocations=3 (full 0):
 garbage-first heap   total 98304K, used 16310K [0x00000000a1600000, 0x0000000100000000)
  region size 1024K, 10 young (10240K), 4 survivors (4096K)
 Metaspace       used 21292K, committed 21504K, reserved 1073152K
  class space    used 2068K, committed 2176K, reserved 1048576K
}
Event: 6.656 GC heap after
{Heap after GC invocations=4 (full 0):
 garbage-first heap   total 98304K, used 11140K [0x00000000a1600000, 0x0000000100000000)
  region size 1024K, 1 young (1024K), 1 survivors (1024K)
 Metaspace       used 21292K, committed 21504K, reserved 1073152K
  class space    used 2068K, committed 2176K, reserved 1048576K
}
Event: 8.156 GC heap before
{Heap before GC invocations=5 (full 0):
 garbage-first heap   total 45056K, used 35716K [0x00000000a1600000, 0x0000000100000000)
  region size 1024K, 26 young (26624K), 1 survivors (1024K)
 Metaspace       used 23351K, committed 23680K, reserved 1073152K
  class space    used 2360K, committed 2496K, reserved 1048576K
}
Event: 8.194 GC heap after
{Heap after GC invocations=6 (full 0):
 garbage-first heap   total 45056K, used 12845K [0x00000000a1600000, 0x0000000100000000)
  region size 1024K, 5 young (5120K), 5 survivors (5120K)
 Metaspace       used 23351K, committed 23680K, reserved 1073152K
  class space    used 2360K, committed 2496K, reserved 1048576K
}
Event: 8.502 GC heap before
{Heap before GC invocations=6 (full 0):
 garbage-first heap   total 45056K, used 29229K [0x00000000a1600000, 0x0000000100000000)
  region size 1024K, 21 young (21504K), 5 survivors (5120K)
 Metaspace       used 23780K, committed 24064K, reserved 1073152K
  class space    used 2434K, committed 2560K, reserved 1048576K
}
Event: 8.520 GC heap after
{Heap after GC invocations=7 (full 0):
 garbage-first heap   total 45056K, used 13808K [0x00000000a1600000, 0x0000000100000000)
  region size 1024K, 1 young (1024K), 1 survivors (1024K)
 Metaspace       used 23780K, committed 24064K, reserved 1073152K
  class space    used 2434K, committed 2560K, reserved 1048576K
}
Event: 9.500 GC heap before
{Heap before GC invocations=7 (full 0):
 garbage-first heap   total 45056K, used 30192K [0x00000000a1600000, 0x0000000100000000)
  region size 1024K, 17 young (17408K), 1 survivors (1024K)
 Metaspace       used 26101K, committed 26496K, reserved 1073152K
  class space    used 2695K, committed 2880K, reserved 1048576K
}
Event: 9.510 GC heap after
{Heap after GC invocations=8 (full 0):
 garbage-first heap   total 57344K, used 16361K [0x00000000a1600000, 0x0000000100000000)
  region size 1024K, 3 young (3072K), 3 survivors (3072K)
 Metaspace       used 26101K, committed 26496K, reserved 1073152K
  class space    used 2695K, committed 2880K, reserved 1048576K
}
Event: 11.756 GC heap before
{Heap before GC invocations=8 (full 0):
 garbage-first heap   total 57344K, used 37865K [0x00000000a1600000, 0x0000000100000000)
  region size 1024K, 25 young (25600K), 3 survivors (3072K)
 Metaspace       used 31112K, committed 31680K, reserved 1081344K
  class space    used 3399K, committed 3648K, reserved 1048576K
}

