<?xml version="1.0" encoding="UTF-8"?>
<!-- Generated by org.testng.reporters.JUnitXMLReporter -->
<testsuite ignored="1" hostname="syam-PC" failures="0" tests="2" name="Default test" time="7.81" errors="0" timestamp="2022-02-07T19:18:29 IST">
  <testcase classname="testScripts.toolsQATest" name="authorizeUser" time="6.717"/>
  <testcase classname="testScripts.toolsQATest" name="getAuthToken" time="1.02"/>
  <testcase classname="testScripts.toolsQATest" name="getBooks" time="0.0">
    <ignored/>
  </testcase> <!-- getBooks -->
</testsuite> <!-- Default test -->
