<?xml version="1.0" encoding="UTF-8"?>
<testng-results ignored="1" total="3" passed="2" failed="0" skipped="0">
  <reporter-output>
  </reporter-output>
  <suite started-at="2022-02-07T19:18:21 IST" name="Default suite" finished-at="2022-02-07T19:18:29 IST" duration-ms="7810">
    <groups>
    </groups>
    <test started-at="2022-02-07T19:18:21 IST" name="Default test" finished-at="2022-02-07T19:18:29 IST" duration-ms="7810">
      <class name="testScripts.toolsQATest">
        <test-method signature="authorizeUser()[pri:0, instance:testScripts.toolsQATest@482bce4f]" started-at="2022-02-07T19:18:21 IST" name="authorizeUser" finished-at="2022-02-07T19:18:28 IST" duration-ms="6717" status="PASS">
          <reporter-output>
          </reporter-output>
        </test-method> <!-- authorizeUser -->
        <test-method signature="getAuthToken()[pri:0, instance:testScripts.toolsQATest@482bce4f]" started-at="2022-02-07T19:18:28 IST" name="getAuthToken" finished-at="2022-02-07T19:18:29 IST" duration-ms="1020" status="PASS">
          <reporter-output>
          </reporter-output>
        </test-method> <!-- getAuthToken -->
      </class> <!-- testScripts.toolsQATest -->
    </test> <!-- Default test -->
  </suite> <!-- Default suite -->
</testng-results>
